2023-06-04 09:54:10.329 [INF] Application is starting...
2023-06-04 09:59:40.809 [INF] Application is starting...
2023-06-04 10:01:33.496 [INF] LogHeartBeatMiddleware.Invoke
2023-06-04 10:01:45.700 [INF] LogErrorHandlerMiddleware.Invoke
2023-06-04 10:01:52.391 [INF] LogRequestLoggingMiddleware.Invoke
2023-06-04 10:02:10.528 [INF] -------------Request-Begin------------
2023-06-04 10:02:10.920 [INF] Http Request Information: 
Schema:https 
Host: localhost:7235 
Path: /simapi/v1/AttibuteTest 
QueryString:  
Request Body: 
2023-06-04 10:02:11.153 [INF] 

2023-06-04 10:02:11.771 [INF] Http Response Information: 
Schema:https 
Host: localhost:7235 
Path: /simapi/v1/AttibuteTest 
QueryString:  
StatusCode: 200 
Response Body: Hello 1
2023-06-04 10:02:12.482 [INF] -------------Request-End------------
2023-06-04 10:02:58.632 [INF] LogHeartBeatMiddleware.Invoke
2023-06-04 10:03:03.647 [INF] LogErrorHandlerMiddleware.Invoke
2023-06-04 10:03:07.201 [INF] LogRequestLoggingMiddleware.Invoke
2023-06-04 10:03:29.298 [INF] LogAuthorizationFilter.OnAuthorization
2023-06-04 10:03:37.582 [INF] LogResourceFilter.OnResourceExecuting
2023-06-04 10:04:04.010 [INF] LogActionFilter.OnActionExecuted
2023-06-04 10:04:28.902 [INF] LogActionFilter.OnActionExecuted
2023-06-04 10:04:32.972 [INF] LogResultFilter.OnResultExecuting
2023-06-04 10:04:34.906 [INF] LogResultFilter.OnResultExecuted
2023-06-04 10:04:39.411 [INF] LogResourceFilter.OnResourceExecuted
2023-06-04 10:04:51.584 [INF] -------------Request-Begin------------
2023-06-04 10:04:51.586 [INF] Http Request Information: 
Schema:https 
Host: localhost:7235 
Path: /simapi/v1/AttibuteTest/Filters 
QueryString:  
Request Body: 
2023-06-04 10:04:51.587 [INF] 

2023-06-04 10:04:51.588 [INF] Http Response Information: 
Schema:https 
Host: localhost:7235 
Path: /simapi/v1/AttibuteTest/Filters 
QueryString:  
StatusCode: 200 
Response Body: Hello 2
2023-06-04 10:04:51.591 [INF] -------------Request-End------------
2023-06-04 10:40:07.520 [INF] Application is starting...
2023-06-04 10:40:58.761 [INF] LogHeartBeatMiddleware.Invoke
2023-06-04 10:41:03.205 [INF] LogErrorHandlerMiddleware.Invoke
2023-06-04 10:41:11.064 [INF] LogRequestLoggingMiddleware.Invoke
2023-06-04 10:41:57.389 [INF] -------------Request-Begin------------
2023-06-04 10:41:57.403 [INF] Http Request Information: 
Schema:https 
Host: localhost:7235 
Path: /simapi/v1/AttibuteTest 
QueryString:  
Request Body: 
2023-06-04 10:41:57.405 [INF] 

2023-06-04 10:41:57.407 [INF] Http Response Information: 
Schema:https 
Host: localhost:7235 
Path: /simapi/v1/AttibuteTest 
QueryString:  
StatusCode: 200 
Response Body: Hello 1
2023-06-04 10:41:57.409 [INF] -------------Request-End------------
2023-06-04 10:42:04.859 [INF] LogHeartBeatMiddleware.Invoke
2023-06-04 10:42:04.869 [INF] LogErrorHandlerMiddleware.Invoke
2023-06-04 10:42:06.926 [INF] LogRequestLoggingMiddleware.Invoke
2023-06-04 10:42:14.710 [INF] LogAuthorizationFilter.OnAuthorization
2023-06-04 10:42:15.011 [INF] LogResourceFilter.OnResourceExecuting
2023-06-04 10:42:15.193 [INF] LogActionFilter.OnActionExecuting
2023-06-04 10:42:15.636 [INF] LogActionFilter.OnActionExecuted
2023-06-04 10:42:16.211 [INF] LogResultFilter.OnResultExecuting
2023-06-04 10:42:16.451 [INF] LogResultFilter.OnResultExecuted
2023-06-04 10:42:16.668 [INF] LogResourceFilter.OnResourceExecuted
2023-06-04 10:42:16.671 [INF] -------------Request-Begin------------
2023-06-04 10:42:16.678 [INF] Http Request Information: 
Schema:https 
Host: localhost:7235 
Path: /simapi/v1/AttibuteTest/Filters 
QueryString:  
Request Body: 
2023-06-04 10:42:16.684 [INF] 

2023-06-04 10:42:16.687 [INF] Http Response Information: 
Schema:https 
Host: localhost:7235 
Path: /simapi/v1/AttibuteTest/Filters 
QueryString:  
StatusCode: 200 
Response Body: Hello 2
2023-06-04 10:42:16.690 [INF] -------------Request-End------------
2023-06-04 10:42:58.118 [INF] Application is starting...
2023-06-04 10:43:07.455 [INF] LogHeartBeatMiddleware.Invoke
2023-06-04 10:43:07.469 [INF] LogErrorHandlerMiddleware.Invoke
2023-06-04 10:43:09.813 [INF] LogRequestLoggingMiddleware.Invoke
2023-06-04 10:43:46.212 [INF] Application is starting...
2023-06-04 10:44:01.369 [INF] LogHeartBeatMiddleware.Invoke
2023-06-04 10:44:01.375 [INF] LogErrorHandlerMiddleware.Invoke
2023-06-04 10:44:04.008 [INF] LogRequestLoggingMiddleware.Invoke
2023-06-04 10:46:54.641 [INF] LogExceptionFilter.OnException
2023-06-04 10:46:59.327 [FTL] Path=/simapi/v1/AttibuteTest/Exception || Method=GET || Exception=Thow Exception
2023-06-04 10:47:07.187 [ERR] An unhandled exception has occurred while executing the request.
System.ObjectDisposedException: Cannot access a disposed object.
Object name: 'The stream with Id 17b71110-0f81-425f-92d4-835e15079ea3 and Tag  is disposed.'.
   at Microsoft.IO.RecyclableMemoryStream.ThrowDisposedException() in /_/src/RecyclableMemoryStream.cs:line 1453
   at Microsoft.IO.RecyclableMemoryStream.Write(Byte[] buffer, Int32 offset, Int32 count) in /_/src/RecyclableMemoryStream.cs:line 997
   at System.IO.MemoryStream.WriteAsync(ReadOnlyMemory`1 buffer, CancellationToken cancellationToken)
--- End of stack trace from previous location ---
   at System.IO.Pipelines.StreamPipeWriter.FlushAsyncInternal(Boolean writeToStream, ReadOnlyMemory`1 data, CancellationToken cancellationToken)
   at SimApi.Service.Middleware.ErrorHandlerMiddleware.Invoke(HttpContext context) in C:\RepoRy\pk-sim\SimApi\SimApi\Middleware\ErrorHandlerMiddleware.cs:line 33
   at SimApi.Service.Middleware.HeartBeatMiddleware.Invoke(HttpContext context) in C:\RepoRy\pk-sim\SimApi\SimApi\Middleware\HeartBeatMiddleware.cs:line 25
   at Swashbuckle.AspNetCore.SwaggerUI.SwaggerUIMiddleware.Invoke(HttpContext httpContext)
   at Swashbuckle.AspNetCore.Swagger.SwaggerMiddleware.Invoke(HttpContext httpContext, ISwaggerProvider swaggerProvider)
   at Microsoft.AspNetCore.Diagnostics.DeveloperExceptionPageMiddleware.Invoke(HttpContext context)
2023-06-04 10:47:07.336 [ERR] An exception was thrown attempting to display the error page.
System.ObjectDisposedException: Cannot access a disposed object.
Object name: 'The stream with Id 17b71110-0f81-425f-92d4-835e15079ea3 and Tag  is disposed.'.
   at Microsoft.IO.RecyclableMemoryStream.ThrowDisposedException() in /_/src/RecyclableMemoryStream.cs:line 1453
   at Microsoft.IO.RecyclableMemoryStream.Write(Byte[] buffer, Int32 offset, Int32 count) in /_/src/RecyclableMemoryStream.cs:line 997
   at System.IO.MemoryStream.WriteAsync(ReadOnlyMemory`1 buffer, CancellationToken cancellationToken)
--- End of stack trace from previous location ---
   at System.IO.Pipelines.StreamPipeWriter.FlushAsyncInternal(Boolean writeToStream, ReadOnlyMemory`1 data, CancellationToken cancellationToken)
   at Microsoft.AspNetCore.Diagnostics.DeveloperExceptionPageMiddleware.Invoke(HttpContext context)
2023-06-04 10:47:07.345 [ERR] Connection id "0HMR4PTNECRTG", Request id "0HMR4PTNECRTG:00000009": An unhandled exception was thrown by the application.
System.ObjectDisposedException: Cannot access a disposed object.
Object name: 'The stream with Id 17b71110-0f81-425f-92d4-835e15079ea3 and Tag  is disposed.'.
   at Microsoft.IO.RecyclableMemoryStream.ThrowDisposedException() in /_/src/RecyclableMemoryStream.cs:line 1453
   at Microsoft.IO.RecyclableMemoryStream.Write(Byte[] buffer, Int32 offset, Int32 count) in /_/src/RecyclableMemoryStream.cs:line 997
   at System.IO.MemoryStream.WriteAsync(ReadOnlyMemory`1 buffer, CancellationToken cancellationToken)
--- End of stack trace from previous location ---
   at System.IO.Pipelines.StreamPipeWriter.FlushAsyncInternal(Boolean writeToStream, ReadOnlyMemory`1 data, CancellationToken cancellationToken)
   at SimApi.Service.Middleware.ErrorHandlerMiddleware.Invoke(HttpContext context) in C:\RepoRy\pk-sim\SimApi\SimApi\Middleware\ErrorHandlerMiddleware.cs:line 33
   at SimApi.Service.Middleware.HeartBeatMiddleware.Invoke(HttpContext context) in C:\RepoRy\pk-sim\SimApi\SimApi\Middleware\HeartBeatMiddleware.cs:line 25
   at Swashbuckle.AspNetCore.SwaggerUI.SwaggerUIMiddleware.Invoke(HttpContext httpContext)
   at Swashbuckle.AspNetCore.Swagger.SwaggerMiddleware.Invoke(HttpContext httpContext, ISwaggerProvider swaggerProvider)
   at Microsoft.AspNetCore.Diagnostics.DeveloperExceptionPageMiddleware.Invoke(HttpContext context)
   at Microsoft.AspNetCore.Diagnostics.DeveloperExceptionPageMiddleware.Invoke(HttpContext context)
   at Microsoft.AspNetCore.Watch.BrowserRefresh.BrowserRefreshMiddleware.InvokeAsync(HttpContext context)
   at Microsoft.AspNetCore.Server.Kestrel.Core.Internal.Http.HttpProtocol.ProcessRequests[TContext](IHttpApplication`1 application)
2023-06-04 10:53:47.372 [INF] Application is starting...
2023-06-04 10:54:06.243 [INF] LogHeartBeatMiddleware.Invoke
2023-06-04 10:54:06.249 [INF] LogErrorHandlerMiddleware.Invoke
2023-06-04 10:54:09.071 [INF] LogRequestLoggingMiddleware.Invoke
2023-06-04 10:54:43.665 [INF] LogExceptionFilter.OnException
2023-06-04 10:54:44.352 [FTL] Path=/simapi/v1/AttibuteTest || Method=GET || Exception=An item with the same key has already been added. Key: ResponseGuid
2023-06-04 10:54:44.397 [ERR] An unhandled exception has occurred while executing the request.
System.ObjectDisposedException: Cannot access a disposed object.
Object name: 'The stream with Id 1eed9fbf-da1f-471f-9f82-43489fef541e and Tag  is disposed.'.
   at Microsoft.IO.RecyclableMemoryStream.ThrowDisposedException() in /_/src/RecyclableMemoryStream.cs:line 1453
   at Microsoft.IO.RecyclableMemoryStream.Write(Byte[] buffer, Int32 offset, Int32 count) in /_/src/RecyclableMemoryStream.cs:line 997
   at System.IO.MemoryStream.WriteAsync(ReadOnlyMemory`1 buffer, CancellationToken cancellationToken)
--- End of stack trace from previous location ---
   at System.IO.Pipelines.StreamPipeWriter.FlushAsyncInternal(Boolean writeToStream, ReadOnlyMemory`1 data, CancellationToken cancellationToken)
   at SimApi.Service.Middleware.ErrorHandlerMiddleware.Invoke(HttpContext context) in C:\RepoRy\pk-sim\SimApi\SimApi\Middleware\ErrorHandlerMiddleware.cs:line 33
   at SimApi.Service.Middleware.HeartBeatMiddleware.Invoke(HttpContext context) in C:\RepoRy\pk-sim\SimApi\SimApi\Middleware\HeartBeatMiddleware.cs:line 25
   at Swashbuckle.AspNetCore.SwaggerUI.SwaggerUIMiddleware.Invoke(HttpContext httpContext)
   at Swashbuckle.AspNetCore.Swagger.SwaggerMiddleware.Invoke(HttpContext httpContext, ISwaggerProvider swaggerProvider)
   at Microsoft.AspNetCore.Diagnostics.DeveloperExceptionPageMiddleware.Invoke(HttpContext context)
2023-06-04 10:54:44.462 [ERR] An exception was thrown attempting to display the error page.
System.ObjectDisposedException: Cannot access a disposed object.
Object name: 'The stream with Id 1eed9fbf-da1f-471f-9f82-43489fef541e and Tag  is disposed.'.
   at Microsoft.IO.RecyclableMemoryStream.ThrowDisposedException() in /_/src/RecyclableMemoryStream.cs:line 1453
   at Microsoft.IO.RecyclableMemoryStream.Write(Byte[] buffer, Int32 offset, Int32 count) in /_/src/RecyclableMemoryStream.cs:line 997
   at System.IO.MemoryStream.WriteAsync(ReadOnlyMemory`1 buffer, CancellationToken cancellationToken)
--- End of stack trace from previous location ---
   at System.IO.Pipelines.StreamPipeWriter.FlushAsyncInternal(Boolean writeToStream, ReadOnlyMemory`1 data, CancellationToken cancellationToken)
   at Microsoft.AspNetCore.Diagnostics.DeveloperExceptionPageMiddleware.Invoke(HttpContext context)
2023-06-04 10:54:44.472 [ERR] Connection id "0HMR4Q3AS21PR", Request id "0HMR4Q3AS21PR:00000009": An unhandled exception was thrown by the application.
System.ObjectDisposedException: Cannot access a disposed object.
Object name: 'The stream with Id 1eed9fbf-da1f-471f-9f82-43489fef541e and Tag  is disposed.'.
   at Microsoft.IO.RecyclableMemoryStream.ThrowDisposedException() in /_/src/RecyclableMemoryStream.cs:line 1453
   at Microsoft.IO.RecyclableMemoryStream.Write(Byte[] buffer, Int32 offset, Int32 count) in /_/src/RecyclableMemoryStream.cs:line 997
   at System.IO.MemoryStream.WriteAsync(ReadOnlyMemory`1 buffer, CancellationToken cancellationToken)
--- End of stack trace from previous location ---
   at System.IO.Pipelines.StreamPipeWriter.FlushAsyncInternal(Boolean writeToStream, ReadOnlyMemory`1 data, CancellationToken cancellationToken)
   at SimApi.Service.Middleware.ErrorHandlerMiddleware.Invoke(HttpContext context) in C:\RepoRy\pk-sim\SimApi\SimApi\Middleware\ErrorHandlerMiddleware.cs:line 33
   at SimApi.Service.Middleware.HeartBeatMiddleware.Invoke(HttpContext context) in C:\RepoRy\pk-sim\SimApi\SimApi\Middleware\HeartBeatMiddleware.cs:line 25
   at Swashbuckle.AspNetCore.SwaggerUI.SwaggerUIMiddleware.Invoke(HttpContext httpContext)
   at Swashbuckle.AspNetCore.Swagger.SwaggerMiddleware.Invoke(HttpContext httpContext, ISwaggerProvider swaggerProvider)
   at Microsoft.AspNetCore.Diagnostics.DeveloperExceptionPageMiddleware.Invoke(HttpContext context)
   at Microsoft.AspNetCore.Diagnostics.DeveloperExceptionPageMiddleware.Invoke(HttpContext context)
   at Microsoft.AspNetCore.Watch.BrowserRefresh.BrowserRefreshMiddleware.InvokeAsync(HttpContext context)
   at Microsoft.AspNetCore.Server.Kestrel.Core.Internal.Http.HttpProtocol.ProcessRequests[TContext](IHttpApplication`1 application)
2023-06-04 10:54:51.174 [INF] LogHeartBeatMiddleware.Invoke
2023-06-04 10:54:51.178 [INF] LogErrorHandlerMiddleware.Invoke
2023-06-04 10:54:52.721 [INF] LogRequestLoggingMiddleware.Invoke
2023-06-04 10:54:55.463 [INF] -------------Request-Begin------------
2023-06-04 10:54:55.466 [INF] Http Request Information: 
Schema:https 
Host: localhost:7235 
Path: /simapi/v1/AttibuteTest 
QueryString:  
Request Body: 
2023-06-04 10:54:55.468 [INF] 

2023-06-04 10:54:55.470 [INF] Http Response Information: 
Schema:https 
Host: localhost:7235 
Path: /simapi/v1/AttibuteTest 
QueryString:  
StatusCode: 200 
Response Body: Hello 1
2023-06-04 10:54:55.472 [INF] -------------Request-End------------
2023-06-04 10:57:00.237 [INF] Application is starting...
2023-06-04 10:57:14.886 [INF] LogHeartBeatMiddleware.Invoke
2023-06-04 10:57:14.892 [INF] LogErrorHandlerMiddleware.Invoke
2023-06-04 10:57:16.407 [INF] LogRequestLoggingMiddleware.Invoke
2023-06-04 10:59:21.402 [INF] Application is starting...
2023-06-04 10:59:31.483 [INF] LogHeartBeatMiddleware.Invoke
2023-06-04 10:59:31.489 [INF] LogErrorHandlerMiddleware.Invoke
2023-06-04 10:59:34.466 [INF] LogRequestLoggingMiddleware.Invoke
2023-06-04 10:59:40.828 [INF] -------------Request-Begin------------
2023-06-04 10:59:40.829 [INF] Http Request Information: 
Schema:https 
Host: localhost:7235 
Path: /simapi/v1/AttibuteTest 
QueryString:  
Request Body: 
2023-06-04 10:59:40.830 [INF] 

2023-06-04 10:59:40.831 [INF] Http Response Information: 
Schema:https 
Host: localhost:7235 
Path: /simapi/v1/AttibuteTest 
QueryString:  
StatusCode: 200 
Response Body: Hello 1
2023-06-04 10:59:40.831 [INF] -------------Request-End------------
